<?xml version="1.0" encoding="UTF-8"?>
<!-- Generated by org.testng.reporters.JUnitXMLReporter -->
<testsuite ignored="0" hostname="DESKTOP-F4E7MDH" failures="0" tests="2" name="Default test" time="0.16" errors="0" timestamp="2022-12-17T17:07:25 IST">
  <testcase classname="organizationTest.CreateOrgTest" name="tc_215_CreateOrgWithMandatoryFieldsTest" time="0.021"/>
  <testcase classname="organizationTest.CreateOrgTest" name="tc_216_CreateOrg" time="0.001"/>
</testsuite> <!-- Default test -->
