<?xml version="1.0" encoding="UTF-8"?>
<testng-results ignored="0" total="2" passed="2" failed="0" skipped="0">
  <reporter-output>
  </reporter-output>
  <suite started-at="2022-12-17T17:07:25 IST" name="Default suite" finished-at="2022-12-17T17:07:25 IST" duration-ms="160">
    <groups>
    </groups>
    <test started-at="2022-12-17T17:07:25 IST" name="Default test" finished-at="2022-12-17T17:07:25 IST" duration-ms="160">
      <class name="organizationTest.CreateOrgTest">
        <test-method signature="tc_215_CreateOrgWithMandatoryFieldsTest()[pri:0, instance:organizationTest.CreateOrgTest@19bb07ed]" started-at="2022-12-17T17:07:25 IST" name="tc_215_CreateOrgWithMandatoryFieldsTest" finished-at="2022-12-17T17:07:25 IST" duration-ms="21" status="PASS">
          <reporter-output>
          </reporter-output>
        </test-method> <!-- tc_215_CreateOrgWithMandatoryFieldsTest -->
        <test-method signature="tc_216_CreateOrg()[pri:0, instance:organizationTest.CreateOrgTest@19bb07ed]" started-at="2022-12-17T17:07:25 IST" name="tc_216_CreateOrg" finished-at="2022-12-17T17:07:25 IST" duration-ms="1" status="PASS">
          <reporter-output>
          </reporter-output>
        </test-method> <!-- tc_216_CreateOrg -->
      </class> <!-- organizationTest.CreateOrgTest -->
    </test> <!-- Default test -->
  </suite> <!-- Default suite -->
</testng-results>
