<?xml version="1.0" encoding="UTF-8"?>
<testng-results ignored="0" total="1" passed="1" failed="0" skipped="0">
  <reporter-output>
  </reporter-output>
  <suite started-at="2022-12-17T17:04:05 IST" name="Default suite" finished-at="2022-12-17T17:04:06 IST" duration-ms="93">
    <groups>
    </groups>
    <test started-at="2022-12-17T17:04:05 IST" name="Default test" finished-at="2022-12-17T17:04:06 IST" duration-ms="93">
      <class name="organizationTest.CreateOrgTest">
        <test-method signature="tc_215_CreateOrgWithMandatoryFieldsTest()[pri:0, instance:organizationTest.CreateOrgTest@1139b2f3]" started-at="2022-12-17T17:04:05 IST" name="tc_215_CreateOrgWithMandatoryFieldsTest" finished-at="2022-12-17T17:04:06 IST" duration-ms="13" status="PASS">
          <reporter-output>
          </reporter-output>
        </test-method> <!-- tc_215_CreateOrgWithMandatoryFieldsTest -->
      </class> <!-- organizationTest.CreateOrgTest -->
    </test> <!-- Default test -->
  </suite> <!-- Default suite -->
</testng-results>
